--- Startup times for process: Primary (or UI client) ---

times in msec
 clock   self+sourced   self:  sourced script
 clock   elapsed:              other lines

000.000  000.000: --- NVIM STARTING ---
000.098  000.098: event init
001.109  001.010: early init
001.644  000.536: locale set
001.677  000.033: init first window
002.152  000.475: inits 1
002.156  000.004: window checked
002.162  000.006: parsing arguments
002.783  000.024  000.024: require('vim._core.shared')
002.822  000.003  000.003: require('string.buffer')
002.834  000.022  000.019: require('vim.inspect')
002.857  000.019  000.019: require('vim._core.options')
002.858  000.074  000.033: require('vim._core.editor')
002.879  000.020  000.020: require('vim._core.system')
002.879  000.145  000.028: require('vim._init_packages')
002.881  000.574: init lua interpreter
005.611  002.731: nvim_ui_attach
005.804  000.193: nvim_set_client_info
005.805  000.001: --- NVIM STARTED ---

--- Startup times for process: Embedded ---

times in msec
 clock   self+sourced   self:  sourced script
 clock   elapsed:              other lines

000.000  000.000: --- NVIM STARTING ---
000.038  000.038: event init
000.120  000.082: early init
000.328  000.208: locale set
000.348  000.019: init first window
000.549  000.201: inits 1
000.553  000.005: window checked
000.556  000.002: parsing arguments
000.814  000.020  000.020: require('vim._core.shared')
000.858  000.013  000.013: require('string.buffer')
000.867  000.029  000.016: require('vim.inspect')
000.887  000.017  000.017: require('vim._core.options')
000.888  000.073  000.027: require('vim._core.editor')
000.907  000.018  000.018: require('vim._core.system')
000.908  000.127  000.017: require('vim._init_packages')
000.909  000.226: init lua interpreter
002.213  001.305: expanding arguments
002.222  000.008: inits 2
002.362  000.140: init highlight
002.363  000.001: waiting for UI
002.454  000.092: done waiting for UI
002.462  000.008: clear screen
002.544  000.005  000.005: require('vim.keymap')
003.120  000.085  000.085: sourcing nvim_exec2()
003.138  000.003  000.003: require('vim._core.log')
006.443  003.978  003.886: require('vim._core.defaults')
006.444  000.004: init default mappings & autocommands
006.909  000.043  000.043: sourcing /opt/homebrew/Cellar/neovim/0.12.0/share/nvim/runtime/ftplugin.vim
006.974  000.015  000.015: sourcing /opt/homebrew/Cellar/neovim/0.12.0/share/nvim/runtime/indent.vim
007.932  000.127  000.127: require('vim._async')
008.133  000.200  000.200: require('vim.version')
008.168  001.062  000.736: require('vim.pack')
008.200  000.019  000.019: require('vim.fs')
008.418  000.003  000.003: require('vim.F')
009.774  000.579  000.579: require('mini.misc')
009.779  002.739  001.077: sourcing /Users/noah-mac-nb/.config/nvim/init.lua
009.783  000.542: sourcing vimrc file(s)
009.939  000.034  000.034: sourcing nvim_exec2() called at /opt/homebrew/Cellar/neovim/0.12.0/share/nvim/runtime/filetype.lua:0
009.941  000.096  000.062: sourcing /opt/homebrew/Cellar/neovim/0.12.0/share/nvim/runtime/filetype.lua
010.130  000.052  000.052: sourcing /opt/homebrew/Cellar/neovim/0.12.0/share/nvim/runtime/syntax/synload.vim
010.187  000.180  000.128: sourcing /opt/homebrew/Cellar/neovim/0.12.0/share/nvim/runtime/syntax/syntax.vim
012.233  000.117  000.117: sourcing /Users/noah-mac-nb/.local/share/nvim/site/pack/core/opt/gruvbox-material/autoload/gruvbox_material.vim
017.793  005.754  005.638: sourcing /Users/noah-mac-nb/.local/share/nvim/site/pack/core/opt/gruvbox-material/colors/gruvbox-material.vim
017.796  006.230  000.475: sourcing /Users/noah-mac-nb/.config/nvim/plugin/00-colorscheme.lua
019.356  001.340  001.340: require('vim.diagnostic')
019.363  001.532  000.192: sourcing /Users/noah-mac-nb/.config/nvim/plugin/10-options.lua
019.660  000.262  000.262: sourcing /Users/noah-mac-nb/.config/nvim/plugin/20-keymaps.lua
019.824  000.129  000.129: sourcing /Users/noah-mac-nb/.config/nvim/plugin/30-autocommands.lua
019.919  000.062  000.062: sourcing /Users/noah-mac-nb/.config/nvim/plugin/40-treesitter.lua
020.575  000.277  000.277: require('auto-cmdheight')
020.585  000.633  000.356: sourcing /Users/noah-mac-nb/.config/nvim/plugin/auto-cmd-height.lua
020.644  000.026  000.026: sourcing /Users/noah-mac-nb/.config/nvim/plugin/autopairs.lua
020.739  000.062  000.062: sourcing /Users/noah-mac-nb/.config/nvim/plugin/blink.lua
020.796  000.026  000.026: sourcing /Users/noah-mac-nb/.config/nvim/plugin/bufferline.lua
020.845  000.017  000.017: sourcing /Users/noah-mac-nb/.config/nvim/plugin/comment.lua
020.910  000.032  000.032: sourcing /Users/noah-mac-nb/.config/nvim/plugin/conform.lua
020.968  000.027  000.027: sourcing /Users/noah-mac-nb/.config/nvim/plugin/flash.lua
021.025  000.025  000.025: sourcing /Users/noah-mac-nb/.config/nvim/plugin/gitsigns.lua
021.073  000.017  000.017: sourcing /Users/noah-mac-nb/.config/nvim/plugin/guess-indent.lua
021.133  000.027  000.027: sourcing /Users/noah-mac-nb/.config/nvim/plugin/hlchunk.lua
021.205  000.041  000.041: sourcing /Users/noah-mac-nb/.config/nvim/plugin/hlslens.lua
021.276  000.038  000.038: sourcing /Users/noah-mac-nb/.config/nvim/plugin/lsp-config.lua
021.355  000.046  000.046: sourcing /Users/noah-mac-nb/.config/nvim/plugin/markdown.lua
021.413  000.024  000.024: sourcing /Users/noah-mac-nb/.config/nvim/plugin/mason.lua
022.192  000.694  000.694: require('mini.starter')
022.210  000.764  000.070: sourcing /Users/noah-mac-nb/.config/nvim/plugin/mini.lua
022.264  000.020  000.020: sourcing /Users/noah-mac-nb/.config/nvim/plugin/neoscroll.lua
022.317  000.020  000.020: sourcing /Users/noah-mac-nb/.config/nvim/plugin/nvim-toggler.lua
023.080  000.038  000.038: sourcing /Users/noah-mac-nb/.local/share/nvim/site/pack/core/opt/oil-git.nvim/plugin/oil-git.lua
023.811  000.655  000.655: require('oil')
023.904  000.092  000.092: require('oil.ringbuf')
024.115  000.210  000.210: require('oil.config')
025.536  001.302  001.302: require('vim.filetype')
026.152  000.126  000.126: require('oil.log')
026.166  000.368  000.242: require('oil.fs')
026.733  000.079  000.079: require('oil.constants')
026.758  000.591  000.512: require('oil.util')
027.082  000.081  000.081: require('oil-git.constants')
027.084  000.191  000.111: require('oil-git.config')
027.340  000.086  000.086: require('oil-git.path')
027.568  000.108  000.108: require('oil-git.status_mapper')
027.569  000.228  000.121: require('oil-git.trie')
027.644  000.074  000.074: require('oil-git.util')
027.645  000.560  000.172: require('oil-git.git')
027.856  000.210  000.210: require('oil-git.highlights')
027.858  001.098  000.137: require('oil-git')
027.976  005.625  001.270: sourcing /Users/noah-mac-nb/.config/nvim/plugin/oil.lua
028.052  000.036  000.036: sourcing /Users/noah-mac-nb/.config/nvim/plugin/sidekick.lua
028.130  000.045  000.045: sourcing /Users/noah-mac-nb/.config/nvim/plugin/snacks.lua
028.186  000.021  000.021: sourcing /Users/noah-mac-nb/.config/nvim/plugin/tiny-inline-diagnostics.lua
028.244  000.027  000.027: sourcing /Users/noah-mac-nb/.config/nvim/plugin/todo-comments.lua
028.300  000.024  000.024: sourcing /Users/noah-mac-nb/.config/nvim/plugin/toggleterm.lua
028.352  000.020  000.020: sourcing /Users/noah-mac-nb/.config/nvim/plugin/whichkey.lua
029.190  000.102  000.102: sourcing /opt/homebrew/Cellar/neovim/0.12.0/share/nvim/runtime/plugin/gzip.vim
029.784  000.095  000.095: sourcing /opt/homebrew/Cellar/neovim/0.12.0/share/nvim/runtime/pack/dist/opt/matchit/plugin/matchit.vim
029.813  000.587  000.492: sourcing /opt/homebrew/Cellar/neovim/0.12.0/share/nvim/runtime/plugin/matchit.vim
029.922  000.074  000.074: sourcing /opt/homebrew/Cellar/neovim/0.12.0/share/nvim/runtime/plugin/matchparen.vim
029.964  000.006  000.006: sourcing /opt/homebrew/Cellar/neovim/0.12.0/share/nvim/runtime/plugin/netrwPlugin.vim
030.076  000.077  000.077: sourcing /opt/homebrew/Cellar/neovim/0.12.0/share/nvim/runtime/plugin/rplugin.vim
030.158  000.048  000.048: sourcing /opt/homebrew/Cellar/neovim/0.12.0/share/nvim/runtime/plugin/tarPlugin.vim
030.201  000.009  000.009: sourcing /opt/homebrew/Cellar/neovim/0.12.0/share/nvim/runtime/plugin/tutor.vim
030.304  000.067  000.067: sourcing /opt/homebrew/Cellar/neovim/0.12.0/share/nvim/runtime/plugin/zipPlugin.vim
030.364  000.025  000.025: sourcing /opt/homebrew/Cellar/neovim/0.12.0/share/nvim/runtime/plugin/editorconfig.lua
030.435  000.037  000.037: sourcing /opt/homebrew/Cellar/neovim/0.12.0/share/nvim/runtime/plugin/man.lua
030.524  000.052  000.052: sourcing /opt/homebrew/Cellar/neovim/0.12.0/share/nvim/runtime/plugin/net.lua
030.616  000.057  000.057: sourcing /opt/homebrew/Cellar/neovim/0.12.0/share/nvim/runtime/plugin/osc52.lua
030.716  000.064  000.064: sourcing /opt/homebrew/Cellar/neovim/0.12.0/share/nvim/runtime/plugin/shada.lua
030.778  000.022  000.022: sourcing /opt/homebrew/Cellar/neovim/0.12.0/share/nvim/runtime/plugin/spellfile.lua
030.798  003.656: loading rtp plugins
030.945  000.146: loading packages
030.953  000.009: loading after plugins
030.959  000.006: inits 3
031.936  000.977: reading ShaDa
031.984  000.048: opening buffers
032.017  000.033: BufEnter autocommands
032.019  000.001: editing files in windows
032.321  000.154  000.154: sourcing /opt/homebrew/Cellar/neovim/0.12.0/share/nvim/runtime/autoload/provider/clipboard.vim
032.331  000.004  000.004: sourcing nvim_exec2() called at nvim_exec2() called at VimEnter Autocommands for "*":0:1
032.354  000.020  000.020: sourcing nvim_exec2() called at nvim_exec2() called at VimEnter Autocommands for "*":0:1
034.208  002.150  001.971: sourcing nvim_exec2() called at VimEnter Autocommands for "*":0
034.216  000.048: VimEnter autocommands
034.226  000.010: UIEnter autocommands
034.228  000.001: before starting main loop
034.464  000.237: first screen update
034.465  000.001: --- NVIM STARTED ---

